{"uuid":"12321678-b819-4c8c-ac19-5fb17d801271","historyId":"4f8787e73553795b5799dcd52ddd8e2c","fullName":"src/test/java/com/QOBOX/web/bdd/features/JioMart.feature:31","labels":[{"name":"tag","value":"jiomart"},{"name":"host","value":"LAPTOP-IQETN2RT"},{"name":"thread","value":"10464@LAPTOP-IQETN2RT.main(1)"},{"name":"feature","value":"Verify and Validate Jio Mart web application"},{"name":"story","value":"TC_RC_003 Verify login functionality with valid credentials"},{"name":"suite","value":"Verify and Validate Jio Mart web application"},{"name":"testClass","value":"TC_RC_003 Verify login functionality with valid credentials"},{"name":"framework","value":"cucumber4jvm"},{"name":"language","value":"java"},{"name":"gherkin_uri","value":"file:///D:/GitHub/JioMart/src/test/java/com/QOBOX/web/bdd/features/JioMart.feature"},{"name":"package","value":"src.test.java.com.QOBOX.web.bdd.features.JioMart_feature.Verify and Validate Jio Mart web application"}],"links":[],"name":"TC_RC_003 Verify login functionality with valid credentials","status":"broken","statusDetails":{"known":false,"muted":false,"flaky":false,"message":"element click intercepted: Element <div class=\"ng-star-inserted\" style=\"flex-basis: unset;\">...</div> is not clickable at point (1154, 573). Other element would receive the click: <div _ngcontent-huf-c1465=\"\" class=\"bottom-action\">...</div>\n  (Session info: chrome=118.0.5993.70)\nBuild info: version: '4.15.0', revision: '1d14b5521b'\nSystem info: os.name: 'Windows 11', os.arch: 'amd64', os.version: '10.0', java.version: '17.0.2'\nDriver info: org.openqa.selenium.chrome.ChromeDriver\nCommand: [ba159281dc8769b240fb861a20c86c14, clickElement {id=C887CD250500DF65DF899E648FE76BF0_element_87}]\nCapabilities {acceptInsecureCerts: false, browserName: chrome, browserVersion: 118.0.5993.70, chrome: {chromedriverVersion: 118.0.5993.70 (e52f33f30b91..., userDataDir: C:\\Users\\hp\\AppData\\Local\\T...}, fedcm:accounts: true, goog:chromeOptions: {debuggerAddress: localhost:49158}, networkConnectionEnabled: false, pageLoadStrategy: normal, platformName: windows, proxy: Proxy(), se:cdp: ws://localhost:49158/devtoo..., se:cdpVersion: 118.0.5993.70, setWindowRect: true, strictFileInteractability: false, timeouts: {implicit: 0, pageLoad: 300000, script: 30000}, unhandledPromptBehavior: dismiss and notify, webauthn:extension:credBlob: true, webauthn:extension:largeBlob: true, webauthn:extension:minPinLength: true, webauthn:extension:prf: true, webauthn:virtualAuthenticators: true}\nElement: [[ChromeDriver: chrome on windows (ba159281dc8769b240fb861a20c86c14)] -> xpath: //div[text()=' Verify ']]\nSession ID: ba159281dc8769b240fb861a20c86c14","trace":"org.openqa.selenium.ElementClickInterceptedException: element click intercepted: Element <div class=\"ng-star-inserted\" style=\"flex-basis: unset;\">...</div> is not clickable at point (1154, 573). Other element would receive the click: <div _ngcontent-huf-c1465=\"\" class=\"bottom-action\">...</div>\n  (Session info: chrome=118.0.5993.70)\nBuild info: version: '4.15.0', revision: '1d14b5521b'\nSystem info: os.name: 'Windows 11', os.arch: 'amd64', os.version: '10.0', java.version: '17.0.2'\nDriver info: org.openqa.selenium.chrome.ChromeDriver\nCommand: [ba159281dc8769b240fb861a20c86c14, clickElement {id=C887CD250500DF65DF899E648FE76BF0_element_87}]\nCapabilities {acceptInsecureCerts: false, browserName: chrome, browserVersion: 118.0.5993.70, chrome: {chromedriverVersion: 118.0.5993.70 (e52f33f30b91..., userDataDir: C:\\Users\\hp\\AppData\\Local\\T...}, fedcm:accounts: true, goog:chromeOptions: {debuggerAddress: localhost:49158}, networkConnectionEnabled: false, pageLoadStrategy: normal, platformName: windows, proxy: Proxy(), se:cdp: ws://localhost:49158/devtoo..., se:cdpVersion: 118.0.5993.70, setWindowRect: true, strictFileInteractability: false, timeouts: {implicit: 0, pageLoad: 300000, script: 30000}, unhandledPromptBehavior: dismiss and notify, webauthn:extension:credBlob: true, webauthn:extension:largeBlob: true, webauthn:extension:minPinLength: true, webauthn:extension:prf: true, webauthn:virtualAuthenticators: true}\nElement: [[ChromeDriver: chrome on windows (ba159281dc8769b240fb861a20c86c14)] -> xpath: //div[text()=' Verify ']]\nSession ID: ba159281dc8769b240fb861a20c86c14\r\n\tat java.base/jdk.internal.reflect.NativeConstructorAccessorImpl.newInstance0(Native Method)\r\n\tat java.base/jdk.internal.reflect.NativeConstructorAccessorImpl.newInstance(NativeConstructorAccessorImpl.java:77)\r\n\tat java.base/jdk.internal.reflect.DelegatingConstructorAccessorImpl.newInstance(DelegatingConstructorAccessorImpl.java:45)\r\n\tat java.base/java.lang.reflect.Constructor.newInstanceWithCaller(Constructor.java:499)\r\n\tat java.base/java.lang.reflect.Constructor.newInstance(Constructor.java:480)\r\n\tat org.openqa.selenium.remote.codec.w3c.W3CHttpResponseCodec.createException(W3CHttpResponseCodec.java:200)\r\n\tat org.openqa.selenium.remote.codec.w3c.W3CHttpResponseCodec.decode(W3CHttpResponseCodec.java:133)\r\n\tat org.openqa.selenium.remote.codec.w3c.W3CHttpResponseCodec.decode(W3CHttpResponseCodec.java:52)\r\n\tat org.openqa.selenium.remote.HttpCommandExecutor.execute(HttpCommandExecutor.java:191)\r\n\tat org.openqa.selenium.remote.service.DriverCommandExecutor.invokeExecute(DriverCommandExecutor.java:200)\r\n\tat org.openqa.selenium.remote.service.DriverCommandExecutor.execute(DriverCommandExecutor.java:175)\r\n\tat org.openqa.selenium.remote.RemoteWebDriver.execute(RemoteWebDriver.java:607)\r\n\tat org.openqa.selenium.remote.RemoteWebElement.execute(RemoteWebElement.java:224)\r\n\tat org.openqa.selenium.remote.RemoteWebElement.click(RemoteWebElement.java:77)\r\n\tat com.QOBOX.web.bdd.ccl.WebActions.Click(WebActions.java:88)\r\n\tat com.QOBOX.web.bdd.screens.JioMartPage.clicksOnGetStarted(JioMartPage.java:143)\r\n\tat com.QOBOX.web.bdd.stepdefinations.JioMartSteps.user_clicks_on_verify_button(JioMartSteps.java:65)\r\n\tat ✽.User clicks on Verify button(file:///D:/GitHub/JioMart/src/test/java/com/QOBOX/web/bdd/features/JioMart.feature:37)\r\n"},"stage":"finished","steps":[{"name":"Given  User is in jiomart web application","status":"passed","statusDetails":{"known":false,"muted":false,"flaky":false},"stage":"finished","steps":[],"attachments":[],"parameters":[],"start":1702974755996,"stop":1702974760946},{"name":"When  User clicks on Sign In","status":"passed","statusDetails":{"known":false,"muted":false,"flaky":false},"stage":"finished","steps":[],"attachments":[],"parameters":[],"start":1702974760948,"stop":1702974764631},{"name":"Then  User should able to see \"Sign in to JioMart\" in Sign In page","status":"passed","statusDetails":{"known":false,"muted":false,"flaky":false},"stage":"finished","steps":[],"attachments":[],"parameters":[],"start":1702974764634,"stop":1702974766568},{"name":"When  User enters as valid mobile number as \"9381282113\"","status":"passed","statusDetails":{"known":false,"muted":false,"flaky":false},"stage":"finished","steps":[],"attachments":[],"parameters":[],"start":1702974766569,"stop":1702974766988},{"name":"And  User clicks on Get OTP button","status":"passed","statusDetails":{"known":false,"muted":false,"flaky":false},"stage":"finished","steps":[],"attachments":[],"parameters":[],"start":1702974766989,"stop":1702974767234},{"name":"And  User enters valid otp in the field","status":"passed","statusDetails":{"known":false,"muted":false,"flaky":false},"stage":"finished","steps":[],"attachments":[],"parameters":[],"start":1702974767236,"stop":1702974777245},{"name":"And  User clicks on Verify button","status":"broken","statusDetails":{"known":false,"muted":false,"flaky":false,"message":"element click intercepted: Element <div class=\"ng-star-inserted\" style=\"flex-basis: unset;\">...</div> is not clickable at point (1154, 573). Other element would receive the click: <div _ngcontent-huf-c1465=\"\" class=\"bottom-action\">...</div>\n  (Session info: chrome=118.0.5993.70)\nBuild info: version: '4.15.0', revision: '1d14b5521b'\nSystem info: os.name: 'Windows 11', os.arch: 'amd64', os.version: '10.0', java.version: '17.0.2'\nDriver info: org.openqa.selenium.chrome.ChromeDriver\nCommand: [ba159281dc8769b240fb861a20c86c14, clickElement {id=C887CD250500DF65DF899E648FE76BF0_element_87}]\nCapabilities {acceptInsecureCerts: false, browserName: chrome, browserVersion: 118.0.5993.70, chrome: {chromedriverVersion: 118.0.5993.70 (e52f33f30b91..., userDataDir: C:\\Users\\hp\\AppData\\Local\\T...}, fedcm:accounts: true, goog:chromeOptions: {debuggerAddress: localhost:49158}, networkConnectionEnabled: false, pageLoadStrategy: normal, platformName: windows, proxy: Proxy(), se:cdp: ws://localhost:49158/devtoo..., se:cdpVersion: 118.0.5993.70, setWindowRect: true, strictFileInteractability: false, timeouts: {implicit: 0, pageLoad: 300000, script: 30000}, unhandledPromptBehavior: dismiss and notify, webauthn:extension:credBlob: true, webauthn:extension:largeBlob: true, webauthn:extension:minPinLength: true, webauthn:extension:prf: true, webauthn:virtualAuthenticators: true}\nElement: [[ChromeDriver: chrome on windows (ba159281dc8769b240fb861a20c86c14)] -> xpath: //div[text()=' Verify ']]\nSession ID: ba159281dc8769b240fb861a20c86c14","trace":"org.openqa.selenium.ElementClickInterceptedException: element click intercepted: Element <div class=\"ng-star-inserted\" style=\"flex-basis: unset;\">...</div> is not clickable at point (1154, 573). Other element would receive the click: <div _ngcontent-huf-c1465=\"\" class=\"bottom-action\">...</div>\n  (Session info: chrome=118.0.5993.70)\nBuild info: version: '4.15.0', revision: '1d14b5521b'\nSystem info: os.name: 'Windows 11', os.arch: 'amd64', os.version: '10.0', java.version: '17.0.2'\nDriver info: org.openqa.selenium.chrome.ChromeDriver\nCommand: [ba159281dc8769b240fb861a20c86c14, clickElement {id=C887CD250500DF65DF899E648FE76BF0_element_87}]\nCapabilities {acceptInsecureCerts: false, browserName: chrome, browserVersion: 118.0.5993.70, chrome: {chromedriverVersion: 118.0.5993.70 (e52f33f30b91..., userDataDir: C:\\Users\\hp\\AppData\\Local\\T...}, fedcm:accounts: true, goog:chromeOptions: {debuggerAddress: localhost:49158}, networkConnectionEnabled: false, pageLoadStrategy: normal, platformName: windows, proxy: Proxy(), se:cdp: ws://localhost:49158/devtoo..., se:cdpVersion: 118.0.5993.70, setWindowRect: true, strictFileInteractability: false, timeouts: {implicit: 0, pageLoad: 300000, script: 30000}, unhandledPromptBehavior: dismiss and notify, webauthn:extension:credBlob: true, webauthn:extension:largeBlob: true, webauthn:extension:minPinLength: true, webauthn:extension:prf: true, webauthn:virtualAuthenticators: true}\nElement: [[ChromeDriver: chrome on windows (ba159281dc8769b240fb861a20c86c14)] -> xpath: //div[text()=' Verify ']]\nSession ID: ba159281dc8769b240fb861a20c86c14\r\n\tat java.base/jdk.internal.reflect.NativeConstructorAccessorImpl.newInstance0(Native Method)\r\n\tat java.base/jdk.internal.reflect.NativeConstructorAccessorImpl.newInstance(NativeConstructorAccessorImpl.java:77)\r\n\tat java.base/jdk.internal.reflect.DelegatingConstructorAccessorImpl.newInstance(DelegatingConstructorAccessorImpl.java:45)\r\n\tat java.base/java.lang.reflect.Constructor.newInstanceWithCaller(Constructor.java:499)\r\n\tat java.base/java.lang.reflect.Constructor.newInstance(Constructor.java:480)\r\n\tat org.openqa.selenium.remote.codec.w3c.W3CHttpResponseCodec.createException(W3CHttpResponseCodec.java:200)\r\n\tat org.openqa.selenium.remote.codec.w3c.W3CHttpResponseCodec.decode(W3CHttpResponseCodec.java:133)\r\n\tat org.openqa.selenium.remote.codec.w3c.W3CHttpResponseCodec.decode(W3CHttpResponseCodec.java:52)\r\n\tat org.openqa.selenium.remote.HttpCommandExecutor.execute(HttpCommandExecutor.java:191)\r\n\tat org.openqa.selenium.remote.service.DriverCommandExecutor.invokeExecute(DriverCommandExecutor.java:200)\r\n\tat org.openqa.selenium.remote.service.DriverCommandExecutor.execute(DriverCommandExecutor.java:175)\r\n\tat org.openqa.selenium.remote.RemoteWebDriver.execute(RemoteWebDriver.java:607)\r\n\tat org.openqa.selenium.remote.RemoteWebElement.execute(RemoteWebElement.java:224)\r\n\tat org.openqa.selenium.remote.RemoteWebElement.click(RemoteWebElement.java:77)\r\n\tat com.QOBOX.web.bdd.ccl.WebActions.Click(WebActions.java:88)\r\n\tat com.QOBOX.web.bdd.screens.JioMartPage.clicksOnGetStarted(JioMartPage.java:143)\r\n\tat com.QOBOX.web.bdd.stepdefinations.JioMartSteps.user_clicks_on_verify_button(JioMartSteps.java:65)\r\n\tat ✽.User clicks on Verify button(file:///D:/GitHub/JioMart/src/test/java/com/QOBOX/web/bdd/features/JioMart.feature:37)\r\n"},"stage":"finished","steps":[],"attachments":[],"parameters":[],"start":1702974777246,"stop":1702974781384},{"name":"Then  User should able to see the their name in My Account page","status":"skipped","statusDetails":{"known":false,"muted":false,"flaky":false},"stage":"finished","steps":[],"attachments":[],"parameters":[],"start":1702974781388,"stop":1702974781389}],"attachments":[],"parameters":[],"start":1702974749740,"stop":1702974781833}