{"uuid":"c78f7669-5f43-4de4-a4bd-0ed7128a4017","historyId":"c9f9ed8ded5d33c6aa27201eea6fb4b9","fullName":"src/test/java/com/QOBOX/web/bdd/features/JioMart.feature:24","labels":[{"name":"tag","value":"jiomart"},{"name":"host","value":"LAPTOP-IQETN2RT"},{"name":"thread","value":"9008@LAPTOP-IQETN2RT.main(1)"},{"name":"feature","value":"Verify and Validate Jio Mart web application"},{"name":"story","value":"TC_RC_002 Verify the search functionality"},{"name":"suite","value":"Verify and Validate Jio Mart web application"},{"name":"testClass","value":"TC_RC_002 Verify the search functionality"},{"name":"framework","value":"cucumber4jvm"},{"name":"language","value":"java"},{"name":"gherkin_uri","value":"file:///D:/GitHub/JioMart/src/test/java/com/QOBOX/web/bdd/features/JioMart.feature"},{"name":"package","value":"src.test.java.com.QOBOX.web.bdd.features.JioMart_feature.Verify and Validate Jio Mart web application"}],"links":[],"name":"TC_RC_002 Verify the search functionality","status":"broken","statusDetails":{"known":false,"muted":false,"flaky":false,"message":"element click intercepted: Element <div class=\"ng-star-inserted\" style=\"flex-basis: unset;\">...</div> is not clickable at point (1154, 573). Other element would receive the click: <div _ngcontent-rqp-c1465=\"\" class=\"bottom-action\">...</div>\n  (Session info: chrome=118.0.5993.70)\nBuild info: version: '4.15.0', revision: '1d14b5521b'\nSystem info: os.name: 'Windows 11', os.arch: 'amd64', os.version: '10.0', java.version: '17.0.2'\nDriver info: org.openqa.selenium.chrome.ChromeDriver\nCommand: [dc118ac4c1f80c97c182c81ac6a8c31e, clickElement {id=FA545AFFC6AA28E24FB36EFD605049D1_element_87}]\nCapabilities {acceptInsecureCerts: false, browserName: chrome, browserVersion: 118.0.5993.70, chrome: {chromedriverVersion: 118.0.5993.70 (e52f33f30b91..., userDataDir: C:\\Users\\hp\\AppData\\Local\\T...}, fedcm:accounts: true, goog:chromeOptions: {debuggerAddress: localhost:52858}, networkConnectionEnabled: false, pageLoadStrategy: normal, platformName: windows, proxy: Proxy(), se:cdp: ws://localhost:52858/devtoo..., se:cdpVersion: 118.0.5993.70, setWindowRect: true, strictFileInteractability: false, timeouts: {implicit: 0, pageLoad: 300000, script: 30000}, unhandledPromptBehavior: dismiss and notify, webauthn:extension:credBlob: true, webauthn:extension:largeBlob: true, webauthn:extension:minPinLength: true, webauthn:extension:prf: true, webauthn:virtualAuthenticators: true}\nElement: [[ChromeDriver: chrome on windows (dc118ac4c1f80c97c182c81ac6a8c31e)] -> xpath: //div[text()=' Verify ']]\nSession ID: dc118ac4c1f80c97c182c81ac6a8c31e","trace":"org.openqa.selenium.ElementClickInterceptedException: element click intercepted: Element <div class=\"ng-star-inserted\" style=\"flex-basis: unset;\">...</div> is not clickable at point (1154, 573). Other element would receive the click: <div _ngcontent-rqp-c1465=\"\" class=\"bottom-action\">...</div>\n  (Session info: chrome=118.0.5993.70)\nBuild info: version: '4.15.0', revision: '1d14b5521b'\nSystem info: os.name: 'Windows 11', os.arch: 'amd64', os.version: '10.0', java.version: '17.0.2'\nDriver info: org.openqa.selenium.chrome.ChromeDriver\nCommand: [dc118ac4c1f80c97c182c81ac6a8c31e, clickElement {id=FA545AFFC6AA28E24FB36EFD605049D1_element_87}]\nCapabilities {acceptInsecureCerts: false, browserName: chrome, browserVersion: 118.0.5993.70, chrome: {chromedriverVersion: 118.0.5993.70 (e52f33f30b91..., userDataDir: C:\\Users\\hp\\AppData\\Local\\T...}, fedcm:accounts: true, goog:chromeOptions: {debuggerAddress: localhost:52858}, networkConnectionEnabled: false, pageLoadStrategy: normal, platformName: windows, proxy: Proxy(), se:cdp: ws://localhost:52858/devtoo..., se:cdpVersion: 118.0.5993.70, setWindowRect: true, strictFileInteractability: false, timeouts: {implicit: 0, pageLoad: 300000, script: 30000}, unhandledPromptBehavior: dismiss and notify, webauthn:extension:credBlob: true, webauthn:extension:largeBlob: true, webauthn:extension:minPinLength: true, webauthn:extension:prf: true, webauthn:virtualAuthenticators: true}\nElement: [[ChromeDriver: chrome on windows (dc118ac4c1f80c97c182c81ac6a8c31e)] -> xpath: //div[text()=' Verify ']]\nSession ID: dc118ac4c1f80c97c182c81ac6a8c31e\r\n\tat java.base/jdk.internal.reflect.NativeConstructorAccessorImpl.newInstance0(Native Method)\r\n\tat java.base/jdk.internal.reflect.NativeConstructorAccessorImpl.newInstance(NativeConstructorAccessorImpl.java:77)\r\n\tat java.base/jdk.internal.reflect.DelegatingConstructorAccessorImpl.newInstance(DelegatingConstructorAccessorImpl.java:45)\r\n\tat java.base/java.lang.reflect.Constructor.newInstanceWithCaller(Constructor.java:499)\r\n\tat java.base/java.lang.reflect.Constructor.newInstance(Constructor.java:480)\r\n\tat org.openqa.selenium.remote.codec.w3c.W3CHttpResponseCodec.createException(W3CHttpResponseCodec.java:200)\r\n\tat org.openqa.selenium.remote.codec.w3c.W3CHttpResponseCodec.decode(W3CHttpResponseCodec.java:133)\r\n\tat org.openqa.selenium.remote.codec.w3c.W3CHttpResponseCodec.decode(W3CHttpResponseCodec.java:52)\r\n\tat org.openqa.selenium.remote.HttpCommandExecutor.execute(HttpCommandExecutor.java:191)\r\n\tat org.openqa.selenium.remote.service.DriverCommandExecutor.invokeExecute(DriverCommandExecutor.java:200)\r\n\tat org.openqa.selenium.remote.service.DriverCommandExecutor.execute(DriverCommandExecutor.java:175)\r\n\tat org.openqa.selenium.remote.RemoteWebDriver.execute(RemoteWebDriver.java:607)\r\n\tat org.openqa.selenium.remote.RemoteWebElement.execute(RemoteWebElement.java:224)\r\n\tat org.openqa.selenium.remote.RemoteWebElement.click(RemoteWebElement.java:77)\r\n\tat com.QOBOX.web.bdd.ccl.WebActions.Click(WebActions.java:88)\r\n\tat com.QOBOX.web.bdd.screens.JioMartPage.loggedIn(JioMartPage.java:235)\r\n\tat com.QOBOX.web.bdd.stepdefinations.JioMartSteps.user_logged_in_to_jio_mart_web_application(JioMartSteps.java:200)\r\n\tat ✽.User logged in to jio mart web application(file:///D:/GitHub/JioMart/src/test/java/com/QOBOX/web/bdd/features/JioMart.feature:6)\r\n"},"stage":"finished","steps":[{"name":"Given  User is in jiomart web application","status":"passed","statusDetails":{"known":false,"muted":false,"flaky":false},"stage":"finished","steps":[],"attachments":[],"parameters":[],"start":1702978912989,"stop":1702978915965},{"name":"Given  User logged in to jio mart web application","status":"broken","statusDetails":{"known":false,"muted":false,"flaky":false,"message":"element click intercepted: Element <div class=\"ng-star-inserted\" style=\"flex-basis: unset;\">...</div> is not clickable at point (1154, 573). Other element would receive the click: <div _ngcontent-rqp-c1465=\"\" class=\"bottom-action\">...</div>\n  (Session info: chrome=118.0.5993.70)\nBuild info: version: '4.15.0', revision: '1d14b5521b'\nSystem info: os.name: 'Windows 11', os.arch: 'amd64', os.version: '10.0', java.version: '17.0.2'\nDriver info: org.openqa.selenium.chrome.ChromeDriver\nCommand: [dc118ac4c1f80c97c182c81ac6a8c31e, clickElement {id=FA545AFFC6AA28E24FB36EFD605049D1_element_87}]\nCapabilities {acceptInsecureCerts: false, browserName: chrome, browserVersion: 118.0.5993.70, chrome: {chromedriverVersion: 118.0.5993.70 (e52f33f30b91..., userDataDir: C:\\Users\\hp\\AppData\\Local\\T...}, fedcm:accounts: true, goog:chromeOptions: {debuggerAddress: localhost:52858}, networkConnectionEnabled: false, pageLoadStrategy: normal, platformName: windows, proxy: Proxy(), se:cdp: ws://localhost:52858/devtoo..., se:cdpVersion: 118.0.5993.70, setWindowRect: true, strictFileInteractability: false, timeouts: {implicit: 0, pageLoad: 300000, script: 30000}, unhandledPromptBehavior: dismiss and notify, webauthn:extension:credBlob: true, webauthn:extension:largeBlob: true, webauthn:extension:minPinLength: true, webauthn:extension:prf: true, webauthn:virtualAuthenticators: true}\nElement: [[ChromeDriver: chrome on windows (dc118ac4c1f80c97c182c81ac6a8c31e)] -> xpath: //div[text()=' Verify ']]\nSession ID: dc118ac4c1f80c97c182c81ac6a8c31e","trace":"org.openqa.selenium.ElementClickInterceptedException: element click intercepted: Element <div class=\"ng-star-inserted\" style=\"flex-basis: unset;\">...</div> is not clickable at point (1154, 573). Other element would receive the click: <div _ngcontent-rqp-c1465=\"\" class=\"bottom-action\">...</div>\n  (Session info: chrome=118.0.5993.70)\nBuild info: version: '4.15.0', revision: '1d14b5521b'\nSystem info: os.name: 'Windows 11', os.arch: 'amd64', os.version: '10.0', java.version: '17.0.2'\nDriver info: org.openqa.selenium.chrome.ChromeDriver\nCommand: [dc118ac4c1f80c97c182c81ac6a8c31e, clickElement {id=FA545AFFC6AA28E24FB36EFD605049D1_element_87}]\nCapabilities {acceptInsecureCerts: false, browserName: chrome, browserVersion: 118.0.5993.70, chrome: {chromedriverVersion: 118.0.5993.70 (e52f33f30b91..., userDataDir: C:\\Users\\hp\\AppData\\Local\\T...}, fedcm:accounts: true, goog:chromeOptions: {debuggerAddress: localhost:52858}, networkConnectionEnabled: false, pageLoadStrategy: normal, platformName: windows, proxy: Proxy(), se:cdp: ws://localhost:52858/devtoo..., se:cdpVersion: 118.0.5993.70, setWindowRect: true, strictFileInteractability: false, timeouts: {implicit: 0, pageLoad: 300000, script: 30000}, unhandledPromptBehavior: dismiss and notify, webauthn:extension:credBlob: true, webauthn:extension:largeBlob: true, webauthn:extension:minPinLength: true, webauthn:extension:prf: true, webauthn:virtualAuthenticators: true}\nElement: [[ChromeDriver: chrome on windows (dc118ac4c1f80c97c182c81ac6a8c31e)] -> xpath: //div[text()=' Verify ']]\nSession ID: dc118ac4c1f80c97c182c81ac6a8c31e\r\n\tat java.base/jdk.internal.reflect.NativeConstructorAccessorImpl.newInstance0(Native Method)\r\n\tat java.base/jdk.internal.reflect.NativeConstructorAccessorImpl.newInstance(NativeConstructorAccessorImpl.java:77)\r\n\tat java.base/jdk.internal.reflect.DelegatingConstructorAccessorImpl.newInstance(DelegatingConstructorAccessorImpl.java:45)\r\n\tat java.base/java.lang.reflect.Constructor.newInstanceWithCaller(Constructor.java:499)\r\n\tat java.base/java.lang.reflect.Constructor.newInstance(Constructor.java:480)\r\n\tat org.openqa.selenium.remote.codec.w3c.W3CHttpResponseCodec.createException(W3CHttpResponseCodec.java:200)\r\n\tat org.openqa.selenium.remote.codec.w3c.W3CHttpResponseCodec.decode(W3CHttpResponseCodec.java:133)\r\n\tat org.openqa.selenium.remote.codec.w3c.W3CHttpResponseCodec.decode(W3CHttpResponseCodec.java:52)\r\n\tat org.openqa.selenium.remote.HttpCommandExecutor.execute(HttpCommandExecutor.java:191)\r\n\tat org.openqa.selenium.remote.service.DriverCommandExecutor.invokeExecute(DriverCommandExecutor.java:200)\r\n\tat org.openqa.selenium.remote.service.DriverCommandExecutor.execute(DriverCommandExecutor.java:175)\r\n\tat org.openqa.selenium.remote.RemoteWebDriver.execute(RemoteWebDriver.java:607)\r\n\tat org.openqa.selenium.remote.RemoteWebElement.execute(RemoteWebElement.java:224)\r\n\tat org.openqa.selenium.remote.RemoteWebElement.click(RemoteWebElement.java:77)\r\n\tat com.QOBOX.web.bdd.ccl.WebActions.Click(WebActions.java:88)\r\n\tat com.QOBOX.web.bdd.screens.JioMartPage.loggedIn(JioMartPage.java:235)\r\n\tat com.QOBOX.web.bdd.stepdefinations.JioMartSteps.user_logged_in_to_jio_mart_web_application(JioMartSteps.java:200)\r\n\tat ✽.User logged in to jio mart web application(file:///D:/GitHub/JioMart/src/test/java/com/QOBOX/web/bdd/features/JioMart.feature:6)\r\n"},"stage":"finished","steps":[],"attachments":[],"parameters":[],"start":1702978915966,"stop":1702978930460},{"name":"When  User clicks on Search bar","status":"skipped","statusDetails":{"known":false,"muted":false,"flaky":false},"stage":"finished","steps":[],"attachments":[],"parameters":[],"start":1702978930460,"stop":1702978930473},{"name":"And  User types the \"pasta\" in the bar","status":"skipped","statusDetails":{"known":false,"muted":false,"flaky":false},"stage":"finished","steps":[],"attachments":[],"parameters":[],"start":1702978930474,"stop":1702978930475},{"name":"And  clicks on the pasta from the drop down","status":"skipped","statusDetails":{"known":false,"muted":false,"flaky":false},"stage":"finished","steps":[],"attachments":[],"parameters":[],"start":1702978930475,"stop":1702978930476},{"name":"When  User clicks the checkbox of Pasta & Macaroni under sub Categories","status":"skipped","statusDetails":{"known":false,"muted":false,"flaky":false},"stage":"finished","steps":[],"attachments":[],"parameters":[],"start":1702978930477,"stop":1702978930478},{"name":"And  User clicks on other brands under brand","status":"skipped","statusDetails":{"known":false,"muted":false,"flaky":false},"stage":"finished","steps":[],"attachments":[],"parameters":[],"start":1702978930480,"stop":1702978930480},{"name":"Then  User should able to see brands \"Select Brand\" page","status":"skipped","statusDetails":{"known":false,"muted":false,"flaky":false},"stage":"finished","steps":[],"attachments":[],"parameters":[],"start":1702978930482,"stop":1702978930482},{"name":"When  User clicks on Maggie check box","status":"skipped","statusDetails":{"known":false,"muted":false,"flaky":false},"stage":"finished","steps":[],"attachments":[],"parameters":[],"start":1702978930482,"stop":1702978930482},{"name":"And  User clicks Apply button","status":"skipped","statusDetails":{"known":false,"muted":false,"flaky":false},"stage":"finished","steps":[],"attachments":[],"parameters":[],"start":1702978930482,"stop":1702978930482},{"name":"When  User Clicks on  Maggi Pazzta Cheese Macaroni 75 g","status":"skipped","statusDetails":{"known":false,"muted":false,"flaky":false},"stage":"finished","steps":[],"attachments":[],"parameters":[],"start":1702978930482,"stop":1702978930482},{"name":"Then  User should able to see maggie \"Maggi Pazzta Cheese Macaroni 75 g\"  page","status":"skipped","statusDetails":{"known":false,"muted":false,"flaky":false},"stage":"finished","steps":[],"attachments":[],"parameters":[],"start":1702978930491,"stop":1702978930493},{"name":"And  User clicks on Add To Cart button","status":"skipped","statusDetails":{"known":false,"muted":false,"flaky":false},"stage":"finished","steps":[],"attachments":[],"parameters":[],"start":1702978930495,"stop":1702978930495},{"name":"Then  User should able to see a flash msg as \"Added to Cart\"","status":"skipped","statusDetails":{"known":false,"muted":false,"flaky":false},"stage":"finished","steps":[],"attachments":[],"parameters":[],"start":1702978930495,"stop":1702978930495}],"attachments":[],"parameters":[],"start":1702978910114,"stop":1702978930813}