<?xml version="1.0" encoding="UTF-8"?>
<testsuite xmlns:xsi="http://www.w3.org/2001/XMLSchema-instance" xsi:noNamespaceSchemaLocation="https://maven.apache.org/surefire/maven-surefire-plugin/xsd/surefire-test-report-3.0.xsd" version="3.0" name="TestSuite" time="89.839" tests="1" errors="0" skipped="0" failures="1">
  <properties>
[...]
</properties>
  <testcase name="scenario[&quot;TC_RC_004 Verify Groceries functionality&quot;, &quot;Verify and Validate Jio Mart web application&quot;](1)" classname="com.QOBOX.web.bdd.common.runnerfiles.WebRunner" time="79.304">
    <failure message="Expected condition failed: waiting for visibility of element located by By.xpath: //div[text()=&apos;ADDITIONAL OFFERS&apos;] (tried for 30 second(s) with 1000 milliseconds interval)&#10;Build info: version: &apos;4.15.0&apos;, revision: &apos;1d14b5521b&apos;&#10;System info: os.name: &apos;Windows 11&apos;, os.arch: &apos;amd64&apos;, os.version: &apos;10.0&apos;, java.version: &apos;17.0.7&apos;&#10;Driver info: org.openqa.selenium.remote.RemoteWebDriver&#10;Capabilities {acceptInsecureCerts: false, browserName: chrome, browserVersion: 114.0.5735.133, chrome: {chromedriverVersion: 114.0.5735.90 (386bc09e8f4f..., userDataDir: /tmp/.com.google.Chrome.a1xhKs}, goog:chromeOptions: {debuggerAddress: localhost:46431}, networkConnectionEnabled: false, pageLoadStrategy: normal, platformName: linux, proxy: Proxy(), se:bidiEnabled: false, se:cdp: ws://172.21.0.3:4444/sessio..., se:cdpVersion: 114.0.5735.133, se:vnc: ws://172.21.0.3:4444/sessio..., se:vncEnabled: true, se:vncLocalAddress: ws://172.21.0.3:7900, setWindowRect: true, strictFileInteractability: false, tg:projectName: JioMart, tg:responseUserName: Sowjanya kasa, tg:udid: 103, tg:userId: 99, tg:userToken: w94fjhgbdamztjyw9ud1cnx98lf..., timeouts: {implicit: 0, pageLoad: 300000, script: 30000}, unhandledPromptBehavior: dismiss and notify, webauthn:extension:credBlob: true, webauthn:extension:largeBlob: true, webauthn:extension:minPinLength: true, webauthn:extension:prf: true, webauthn:virtualAuthenticators: true}&#10;Session ID: f5f59e25f0bd5cc5d1676c5c3fe7f050" type="org.openqa.selenium.TimeoutException"><![CDATA[org.openqa.selenium.TimeoutException: 
Expected condition failed: waiting for visibility of element located by By.xpath: //div[text()='ADDITIONAL OFFERS'] (tried for 30 second(s) with 1000 milliseconds interval)
Build info: version: '4.15.0', revision: '1d14b5521b'
System info: os.name: 'Windows 11', os.arch: 'amd64', os.version: '10.0', java.version: '17.0.7'
Driver info: org.openqa.selenium.remote.RemoteWebDriver
Capabilities {acceptInsecureCerts: false, browserName: chrome, browserVersion: 114.0.5735.133, chrome: {chromedriverVersion: 114.0.5735.90 (386bc09e8f4f..., userDataDir: /tmp/.com.google.Chrome.a1xhKs}, goog:chromeOptions: {debuggerAddress: localhost:46431}, networkConnectionEnabled: false, pageLoadStrategy: normal, platformName: linux, proxy: Proxy(), se:bidiEnabled: false, se:cdp: ws://172.21.0.3:4444/sessio..., se:cdpVersion: 114.0.5735.133, se:vnc: ws://172.21.0.3:4444/sessio..., se:vncEnabled: true, se:vncLocalAddress: ws://172.21.0.3:7900, setWindowRect: true, strictFileInteractability: false, tg:projectName: JioMart, tg:responseUserName: Sowjanya kasa, tg:udid: 103, tg:userId: 99, tg:userToken: w94fjhgbdamztjyw9ud1cnx98lf..., timeouts: {implicit: 0, pageLoad: 300000, script: 30000}, unhandledPromptBehavior: dismiss and notify, webauthn:extension:credBlob: true, webauthn:extension:largeBlob: true, webauthn:extension:minPinLength: true, webauthn:extension:prf: true, webauthn:virtualAuthenticators: true}
Session ID: f5f59e25f0bd5cc5d1676c5c3fe7f050
	at org.openqa.selenium.support.ui.WebDriverWait.timeoutException(WebDriverWait.java:84)
	at org.openqa.selenium.support.ui.FluentWait.until(FluentWait.java:229)
	at com.QOBOX.web.bdd.ccl.WebActions.waitForVisible(WebActions.java:37)
	at com.QOBOX.web.bdd.ccl.WebActions.Click(WebActions.java:87)
	at com.QOBOX.web.bdd.screens.JioMartPage.addOffersofCap(JioMartPage.java:213)
	at com.QOBOX.web.bdd.stepdefinations.JioMartSteps.user_clicks_on_additional_offers(JioMartSteps.java:119)
	at ✽.User clicks on Additional Offers(file:///F:/TestGridWebSelenium/JioMart/src/test/java/com/QOBOX/web/bdd/features/JioMart.feature:52)
]]></failure>
    <system-out><![CDATA[In on execution start
Execution type is: Web_UI
@Before class
@Data provider
+++++++++++++++++++++onTestStart++++++++++++++++++++
Execution started @ chrome browser & for type : Web UI

@jiomart @groceries
Scenario: TC_RC_004 Verify Groceries functionality                                             # src/test/java/com/QOBOX/web/bdd/features/JioMart.feature:42
+++++++++++++++++++before hooks++++++++++++++++++
Execution started @ chrome browser & for type : Web UI
Browser in BeforeHooks
Browser in driverfactory
Browser initiated
Browser after  setwebdriver
  Given User is in jiomart web application                                                     # com.QOBOX.web.bdd.stepdefinations.JioMartSteps.user_is_in_jiomart_web_application()
Successfully mouse hover and get text - Groceries
  When User mouse hovers on the Groceries                                                      # com.QOBOX.web.bdd.stepdefinations.JioMartSteps.user_mouse_hovers_on_the_groceries()
  And User mouse hovers on every item of the groceries list                                    # com.QOBOX.web.bdd.stepdefinations.JioMartSteps.user_mouse_hovers_on_every_item_of_the_groceries_list()
Fresh Vegetables
Fresh Fruits
Premium Fruits
Herbs & Seasonings
Exotic Fruits & Vegetables
  Then User should able to stop at Fruits and Vegetable and see the different categories of it # com.QOBOX.web.bdd.stepdefinations.JioMartSteps.user_should_able_to_stop_at_fruits_and_vegetable_and_see_the_different_of_it()
Successfully clicked on - Fresh Vegetables 
  When user clicks on Fresh Vegetables                                                         # com.QOBOX.web.bdd.stepdefinations.JioMartSteps.user_clicks_on_fresh_vegetables()
User successfully abled to see the fresh vegetables page
  Then User should able to see Fresh Vegetables Page                                           # com.QOBOX.web.bdd.stepdefinations.JioMartSteps.user_should_able_to_see_fresh_vegetables_page()
  When User scroll down and up to verify scroll action                                         # com.QOBOX.web.bdd.stepdefinations.JioMartSteps.user_scroll_down_and_up_to_verify_scroll_action()
Successfully clicked on - Capsicum Check Box
  And User click on the Capsicum check box                                                     # com.QOBOX.web.bdd.stepdefinations.JioMartSteps.user_click_on_the_capsicum_check_box()
Successfully clicked on -   Green Capsicum 500 g  
  When User clicks on Capsicum                                                                 # com.QOBOX.web.bdd.stepdefinations.JioMartSteps.user_clicks_on_capsicum()
Successfully get element text - Green Capsicum 500 g
  Then User should able to see "Green Capsicum 500 g"                                          # com.QOBOX.web.bdd.stepdefinations.JioMartSteps.user_should_able_to_see_string(java.lang.String)
  When User clicks on Additional Offers                                                        # com.QOBOX.web.bdd.stepdefinations.JioMartSteps.user_clicks_on_additional_offers()
      org.openqa.selenium.TimeoutException: Expected condition failed: waiting for visibility of element located by By.xpath: //div[text()='ADDITIONAL OFFERS'] (tried for 30 second(s) with 1000 milliseconds interval)
Build info: version: '4.15.0', revision: '1d14b5521b'
System info: os.name: 'Windows 11', os.arch: 'amd64', os.version: '10.0', java.version: '17.0.7'
Driver info: org.openqa.selenium.remote.RemoteWebDriver
Capabilities {acceptInsecureCerts: false, browserName: chrome, browserVersion: 114.0.5735.133, chrome: {chromedriverVersion: 114.0.5735.90 (386bc09e8f4f..., userDataDir: /tmp/.com.google.Chrome.a1xhKs}, goog:chromeOptions: {debuggerAddress: localhost:46431}, networkConnectionEnabled: false, pageLoadStrategy: normal, platformName: linux, proxy: Proxy(), se:bidiEnabled: false, se:cdp: ws://172.21.0.3:4444/sessio..., se:cdpVersion: 114.0.5735.133, se:vnc: ws://172.21.0.3:4444/sessio..., se:vncEnabled: true, se:vncLocalAddress: ws://172.21.0.3:7900, setWindowRect: true, strictFileInteractability: false, tg:projectName: JioMart, tg:responseUserName: Sowjanya kasa, tg:udid: 103, tg:userId: 99, tg:userToken: w94fjhgbdamztjyw9ud1cnx98lf..., timeouts: {implicit: 0, pageLoad: 300000, script: 30000}, unhandledPromptBehavior: dismiss and notify, webauthn:extension:credBlob: true, webauthn:extension:largeBlob: true, webauthn:extension:minPinLength: true, webauthn:extension:prf: true, webauthn:virtualAuthenticators: true}
Session ID: f5f59e25f0bd5cc5d1676c5c3fe7f050
	at org.openqa.selenium.support.ui.WebDriverWait.timeoutException(WebDriverWait.java:84)
	at org.openqa.selenium.support.ui.FluentWait.until(FluentWait.java:229)
	at com.QOBOX.web.bdd.ccl.WebActions.waitForVisible(WebActions.java:37)
	at com.QOBOX.web.bdd.ccl.WebActions.Click(WebActions.java:87)
	at com.QOBOX.web.bdd.screens.JioMartPage.addOffersofCap(JioMartPage.java:213)
	at com.QOBOX.web.bdd.stepdefinations.JioMartSteps.user_clicks_on_additional_offers(JioMartSteps.java:119)
	at âœ½.User clicks on Additional Offers(file:///F:/TestGridWebSelenium/JioMart/src/test/java/com/QOBOX/web/bdd/features/JioMart.feature:52)

  And User clicks on close button of Additonal Offers                                          # com.QOBOX.web.bdd.stepdefinations.JioMartSteps.user_clicks_on_close_button_of_additonal_offers()
  And User clicks on Add To Cart button                                                        # com.QOBOX.web.bdd.stepdefinations.JioMartSteps.user_clicks_on_add_to_cart_button()
  Then User should able to see a flash msg as "Added to Smart Bazaar Cart"                     # com.QOBOX.web.bdd.stepdefinations.JioMartSteps.user_should_able_to_see_a_flash_msg_as_string(java.lang.String)
+++++++++++++++++++after hooks+++++++++++++++++++
Removing TC from totalTestCases: TC_RC_004 Verify Groceries functionality

    Embedding TC_RC_004 Verify Groceries functionality [image/png 328353 bytes]


    ScreenShot Attached

]]></system-out>
    <system-err><![CDATA[SLF4J: Failed to load class "org.slf4j.impl.StaticLoggerBinder".
SLF4J: Defaulting to no-operation (NOP) logger implementation
SLF4J: See http://www.slf4j.org/codes.html#StaticLoggerBinder for further details.
Apr 10, 2024 11:44:15 AM org.openqa.selenium.remote.tracing.opentelemetry.OpenTelemetryTracer createTracer
INFO: Using OpenTelemetry for tracing
]]></system-err>
  </testcase>
</testsuite>