<?xml version="1.0" encoding="UTF-8"?>
<testng-results ignored="0" total="1" passed="1" failed="0" skipped="0">
  <reporter-output>
  </reporter-output>
  <suite started-at="2024-03-25T16:42:13 IST" name="Default suite" finished-at="2024-03-25T16:42:39 IST" duration-ms="26110">
    <groups>
    </groups>
    <test started-at="2024-03-25T16:42:13 IST" name="Default test" finished-at="2024-03-25T16:42:39 IST" duration-ms="26110">
      <class name="com.QOBOX.web.bdd.screens.Pcloudy">
        <test-method signature="pcloudy()[pri:0, instance:com.QOBOX.web.bdd.screens.Pcloudy@130d63be]" started-at="2024-03-25T16:42:13 IST" name="pcloudy" finished-at="2024-03-25T16:42:39 IST" duration-ms="25989" status="PASS">
          <reporter-output>
          </reporter-output>
        </test-method> <!-- pcloudy -->
      </class> <!-- com.QOBOX.web.bdd.screens.Pcloudy -->
    </test> <!-- Default test -->
  </suite> <!-- Default suite -->
</testng-results>
